

> @nolix2/core@1.0.0 build /Users/hiroki_yano/workspace/packages/nolix2/packages/core
> tsup

[34mCLI[39m Building entry: {"index":"src/index.ts"}
[34mCLI[39m Using tsconfig: tsconfig.json
[34mCLI[39m tsup v8.5.1
[34mCLI[39m Using tsup config: /Users/hiroki_yano/workspace/packages/nolix2/packages/core/tsup.config.ts
[34mCLI[39m Target: esnext
[34mCLI[39m Cleaning output folder
[34mESM[39m Build start
[34mCJS[39m Build start
Entry module "dist/index.js" is using named and default exports together. Consumers of your bundle will have to use `chunk.default` to access the default export, which may not be what you want. Use `output.exports: "named"` to disable this warning.
[32mCJS[39m [1mdist/index.js     [22m[32m1.91 KB[39m
[32mCJS[39m [1mdist/index.js.map [22m[32m10.90 KB[39m
[32mCJS[39m ⚡️ Build success in 50ms
[32mESM[39m [1mdist/index.mjs     [22m[32m1.71 KB[39m
[32mESM[39m [1mdist/index.mjs.map [22m[32m10.90 KB[39m
[32mESM[39m ⚡️ Build success in 50ms
DTS Build start
DTS ⚡️ Build success in 606ms
DTS dist/index.d.mts 1.70 KB
DTS dist/index.d.ts  1.70 KB
